<?xml version="1.0" encoding="UTF-8"?>
<testsuite name="censusanalyser.CensusAnalyserTest" tests="10" skipped="0" failures="0" errors="0" timestamp="2019-12-13T10:09:37" hostname="admin265-H110M-H" time="0.468">
  <properties/>
  <testcase name="giveIndianCensusData_WhenSortedOnPopulation_ShouldReturnSortedResult" classname="censusanalyser.CensusAnalyserTest" time="0.201"/>
  <testcase name="givenIndianCensusCSVFileReturnsCorrectRecords" classname="censusanalyser.CensusAnalyserTest" time="0.048"/>
  <testcase name="givenLoadCensusData_ForIndia_ShouldReturnNumberOfRecords" classname="censusanalyser.CensusAnalyserTest" time="0.031"/>
  <testcase name="giveIndianCensusData_WhenSortedOnState_ShouldReturnSortedResult" classname="censusanalyser.CensusAnalyserTest" time="0.036"/>
  <testcase name="givenIndiaCensusData_WithNoSuchHeader_ShouldThrowException" classname="censusanalyser.CensusAnalyserTest" time="0.011"/>
  <testcase name="givenIndianStateCodeCSVFileReturnsCorrectRecords" classname="censusanalyser.CensusAnalyserTest" time="0.036"/>
  <testcase name="givenUSCensusData_ShouldReturnCorrectRecord" classname="censusanalyser.CensusAnalyserTest" time="0.03"/>
  <testcase name="givenIndiaCensusData_WithWrongFile_ShouldThrowException" classname="censusanalyser.CensusAnalyserTest" time="0.001"/>
  <testcase name="giveIndianCensusData_WhenNotSortedOnState_ShouldReturnSortedResult" classname="censusanalyser.CensusAnalyserTest" time="0.035"/>
  <testcase name="givenIndianCensusCSVFileReturnsIncorrectRecords" classname="censusanalyser.CensusAnalyserTest" time="0.035"/>
  <system-out><![CDATA[]]></system-out>
  <system-err><![CDATA[]]></system-err>
</testsuite>
