<?xml version="1.0" encoding="UTF-8"?>
<testsuite name="censusanalyser.USCensusAdapterTest" tests="3" skipped="0" failures="0" errors="0" timestamp="2019-12-14T06:15:22" hostname="admin265-H110M-H" time="0.179">
  <properties/>
  <testcase name="givenUSCensusCSV_ShouldReturnExactCount" classname="censusanalyser.USCensusAdapterTest" time="0.177"/>
  <testcase name="givenUSCensusCSV_ThrowsExceptionWhen_HeaderMisMatches" classname="censusanalyser.USCensusAdapterTest" time="0.002"/>
  <testcase name="givenUSCensusCSV_ThrowsExceptionWhen_WhenWrongFilePathSent" classname="censusanalyser.USCensusAdapterTest" time="0.0"/>
  <system-out><![CDATA[]]></system-out>
  <system-err><![CDATA[]]></system-err>
</testsuite>
